WHYLIB is not set, using /home/nik/.opam/4.10.0/lib/astraver as default
Parsing
Normalization
Typing logic labels
Typing code
Typing axiomatic Padding
Typing logic type declaration padding
Typing axiomatic MapCount
Typing axiomatic Padding
Typing tag voidP
Typing tag charP
Typing tag __anonstruct_Key_2
Typing tag __anonstruct_Value_3
Typing tag __anonstruct_Item_4
Typing tag __anonstruct_Map_5
Typing axiomatic MapCount
Typing lemma/axiom count_zero
Typing lemma/axiom count_one
Typing lemma/axiom count_split
occurrences table for axiom count_split in axiomatic MapCount:
  141: 
  142: 
  144: 
  143: L ;
  
occurrences table for axiom count_one in axiomatic MapCount:
  141: 
  142: L ;
  144: 
  143: 
  
occurrences table for axiom count_zero in axiomatic MapCount:
  141: L ;
  142: 
  144: 
  143: 
  
Computation of call graph
***********************************
Logic call graph: has 28 components
***********************************
Component 0:
 count_split_p calls: count,
count, count

 count_one_p calls: count

 count calls: count, count_one_p,
count_split_p

Component 1:
 count_exist calls: count

Component 2:
 is_valid_map_mem calls: 

Component 3:
 is_valid_map_sizes calls: 

Component 4:
 begin_ok calls: 

Component 5:
 is_valid_item calls: 

Component 6:
 count_ok calls: count_exist

Component 7:
 gap_ok calls: 

Component 8:
 is_valid_items calls: is_valid_item

Component 9:
 compare_keys calls: 

Component 10:
 compare_values calls: 

Component 11:
 compare_keys_now calls: compare_keys

Component 12:
 compare_values_now calls: compare_values

Component 13:
 valid_existence calls: 

Component 14:
 item_exists_t calls: 

Component 15:
 get_key_t calls: 

Component 16:
 get_value_t calls: 

Component 17:
 get_item_t calls: 

Component 18:
 all_valid_existence calls: valid_existence,
get_item_t

Component 19:
 unique_keys calls: compare_keys_now, get_item_t, get_key_t,
get_item_t, get_key_t, item_exists_t, get_item_t, item_exists_t,
get_item_t

Component 20:
 compare_items calls: compare_values,
compare_keys

Component 21:
 count_lowers calls: 

Component 22:
 same_count calls: 

Component 23:
 same_capacity calls: 

Component 24:
 same_items calls: compare_items, item_exists_t, get_item_t,
item_exists_t,
get_item_t

Component 25:
 no_mchg calls: compare_items, get_item_t, get_item_t,
item_exists_t, get_item_t, compare_keys, get_item_t, get_key_t,
item_exists_t,
get_item_t

Component 26:
 no_new calls: compare_items, get_item_t, get_item_t,
item_exists_t, get_item_t, item_exists_t,
get_item_t

Component 27:
 is_valid_map calls: gap_ok, all_valid_existence, unique_keys,
begin_ok, count_ok, is_valid_items, is_valid_map_sizes,
is_valid_map_mem

******************************
Call graph: has 3 components
******************************
Component 0:
 initializeMap calls: 

Component 1:
 addElement calls: 

Component 2:
 getElement calls: 

Adding invariants
Computation of regions
Separation: treating function initializeMap
Separation: treating function initializeMap
Separation: treating function addElement
Separation: treating function addElement
Separation: treating function getElement
Separation: treating function getElement
Computation of effects
Effects: doing one iteration
Effects: doing one iteration
Effects: doing one iteration
Effects: doing one iteration
Effects: doing one iteration
Effects: fixpoint reached
Effects for logic function count_split_p:
 alloc_table: 
 tag_table: 
 memories: (map_2 : mem-field "items") at (L),
           (items_49 : mem-field "existent") at (L)
 raw memories: 
 precise memories: 
 globals: 
 locals: k_1 at (Here), n_3 at (Here), m_3 at (Here), map_3 at (Here)

Effects for logic function count_one_p:
 alloc_table: 
 tag_table: 
 memories: (map_2 : mem-field "items") at (L),
           (items_49 : mem-field "existent") at (L)
 raw memories: 
 precise memories: 
 globals: 
 locals: m_1 at (Here), map_1 at (Here)

Effects for logic function count:
 alloc_table: 
 tag_table: 
 memories: (map_2 : mem-field "items") at (L),
           (items_49 : mem-field "existent") at (L)
 raw memories: 
 precise memories: 
 globals: 
 locals: 

Effects: doing one iteration
Effects: doing one iteration
Effects: fixpoint reached
Effects for logic function count_exist:
 alloc_table: 
 tag_table: 
 memories: (map_5_5 : mem-field "capacity") at (L),
           (map_5_5 : mem-field "items") at (L),
           (items_107 : mem-field "existent") at (L)
 raw memories: 
 precise memories: 
 globals: 
 locals: map_5 at (Here)

Effects: doing one iteration
Effects: doing one iteration
Effects: fixpoint reached
Effects for logic function is_valid_map_mem:
 alloc_table: (items_52 : alloc-root "__anonstruct_Value_3") at (L),
              (map_6_6 : alloc-root "__anonstruct_Map_5") at (L),
              (items_52 : alloc-root "__anonstruct_Key_2") at (L),
              (items_52 : alloc-root "__anonstruct_Item_4") at (L)
 tag_table: 
 memories: (map_6_6 : mem-field "capacity") at (L),
           (map_6_6 : mem-field "items") at (L),
           (items_52 : mem-field "value_1") at (L),
           (items_52 : mem-field "key_1") at (L)
 raw memories: 
 precise memories: 
 globals: 
 locals: map_6 at (Here)

Effects: doing one iteration
Effects: doing one iteration
Effects: fixpoint reached
Effects for logic function is_valid_map_sizes:
 alloc_table: 
 tag_table: 
 memories: (map_7_7 : mem-field "count") at (L),
           (map_7_7 : mem-field "capacity") at (L)
 raw memories: 
 precise memories: 
 globals: 
 locals: map_7 at (Here)

Effects: doing one iteration
Effects: doing one iteration
Effects: fixpoint reached
Effects for logic function begin_ok:
 alloc_table: 
 tag_table: 
 memories: (map_8_8 : mem-field "count") at (L),
           (map_8_8 : mem-field "items") at (L),
           (items_53 : mem-field "existent") at (L)
 raw memories: 
 precise memories: 
 globals: 
 locals: map_8 at (Here)

Effects: doing one iteration
Effects: doing one iteration
Effects: fixpoint reached
Effects for logic function is_valid_item:
 alloc_table: 
 tag_table: 
 memories: (map_9_9 : mem-field "capacity") at (L),
           (map_9_9 : mem-field "items") at (L),
           (items_54 : mem-field "existent") at (L)
 raw memories: 
 precise memories: 
 globals: 
 locals: idx at (Here), map_9 at (Here)

Effects: doing one iteration
Effects: doing one iteration
Effects: fixpoint reached
Effects for logic function count_ok:
 alloc_table: 
 tag_table: 
 memories: (map_10_10 : mem-field "count") at (L),
           (map_10_10 : mem-field "capacity") at (L),
           (map_10_10 : mem-field "items") at (L),
           (items_111 : mem-field "existent") at (L)
 raw memories: 
 precise memories: 
 globals: 
 locals: map_10 at (Here)

Effects: doing one iteration
Effects: doing one iteration
Effects: fixpoint reached
Effects for logic function gap_ok:
 alloc_table: 
 tag_table: 
 memories: (map_11_11 : mem-field "capacity") at (L),
           (map_11_11 : mem-field "items") at (L),
           (items_55 : mem-field "existent") at (L)
 raw memories: 
 precise memories: 
 globals: 
 locals: map_11 at (Here)

Effects: doing one iteration
Effects: doing one iteration
Effects: fixpoint reached
Effects for logic function is_valid_items:
 alloc_table: 
 tag_table: 
 memories: (map_12_12 : mem-field "capacity") at (L),
           (map_12_12 : mem-field "items") at (L),
           (items_115 : mem-field "existent") at (L)
 raw memories: 
 precise memories: 
 globals: 
 locals: map_12 at (Here)

Effects: doing one iteration
Effects: doing one iteration
Effects: fixpoint reached
Effects for logic function compare_keys:
 alloc_table: 
 tag_table: 
 memories: (k2_14 : mem-field "b") at (L2), (k1_13 : mem-field "b") at (L1),
           (k2_14 : mem-field "a") at (L2), (k1_13 : mem-field "a") at (L1)
 raw memories: 
 precise memories: 
 globals: 
 locals: k2 at (Here), k1 at (Here)

Effects: doing one iteration
Effects: doing one iteration
Effects: fixpoint reached
Effects for logic function compare_values:
 alloc_table: 
 tag_table: 
 memories: (v2_16 : mem-field "d") at (L2), (v1_15 : mem-field "d") at (L1),
           (v2_16 : mem-field "c") at (L2), (v1_15 : mem-field "c") at (L1)
 raw memories: 
 precise memories: 
 globals: 
 locals: v2 at (Here), v1 at (Here)

Effects: doing one iteration
Effects: doing one iteration
Effects: fixpoint reached
Effects for logic function compare_keys_now:
 alloc_table: 
 tag_table: 
 memories: (k2_0_18 : mem-field "b") at (L),
           (k1_0_17 : mem-field "b") at (L),
           (k2_0_18 : mem-field "a") at (L), (k1_0_17 : mem-field "a") at (L)
 raw memories: 
 precise memories: 
 globals: 
 locals: k2_0 at (Here), k1_0 at (Here)

Effects: doing one iteration
Effects: doing one iteration
Effects: fixpoint reached
Effects for logic function compare_values_now:
 alloc_table: 
 tag_table: 
 memories: (v2_0_20 : mem-field "d") at (L),
           (v1_0_19 : mem-field "d") at (L),
           (v2_0_20 : mem-field "c") at (L), (v1_0_19 : mem-field "c") at (L)
 raw memories: 
 precise memories: 
 globals: 
 locals: v2_0 at (Here), v1_0 at (Here)

Effects: doing one iteration
Effects: doing one iteration
Effects: fixpoint reached
Effects for logic function valid_existence:
 alloc_table: 
 tag_table: 
 memories: (it_21 : mem-field "existent") at (L)
 raw memories: 
 precise memories: 
 globals: 
 locals: it at (Here)

Effects: doing one iteration
Effects: doing one iteration
Effects: fixpoint reached
Effects for logic function item_exists_t:
 alloc_table: 
 tag_table: 
 memories: (it_0_22 : mem-field "existent") at (L)
 raw memories: 
 precise memories: 
 globals: 
 locals: it_0 at (Here)

Effects: doing one iteration
Effects: doing one iteration
Effects: fixpoint reached
Effects for logic function get_key_t:
 alloc_table: 
 tag_table: 
 memories: (it_1_23 : mem-field "key_1") at (L)
 raw memories: 
 precise memories: 
 globals: 
 locals: it_1 at (Here)

Effects: doing one iteration
Effects: doing one iteration
Effects: fixpoint reached
Effects for logic function get_value_t:
 alloc_table: 
 tag_table: 
 memories: (it_2_25 : mem-field "value_1") at (L)
 raw memories: 
 precise memories: 
 globals: 
 locals: it_2 at (Here)

Effects: doing one iteration
Effects: doing one iteration
Effects: fixpoint reached
Effects for logic function get_item_t:
 alloc_table: 
 tag_table: 
 memories: (map_13_27 : mem-field "items") at (L)
 raw memories: 
 precise memories: 
 globals: 
 locals: idx_0 at (Here), map_13 at (Here)

Effects: doing one iteration
Effects: doing one iteration
Effects: fixpoint reached
Effects for logic function all_valid_existence:
 alloc_table: 
 tag_table: 
 memories: (map_14_29 : mem-field "capacity") at (L),
           (map_14_29 : mem-field "items") at (L),
           (get_item_t_57 : mem-field "existent") at (L)
 raw memories: 
 precise memories: 
 globals: 
 locals: map_14 at (Here)

Effects: doing one iteration
Effects: doing one iteration
Effects: fixpoint reached
Effects for logic function unique_keys:
 alloc_table: 
 tag_table: 
 memories: (map_15_30 : mem-field "capacity") at (L),
           (map_15_30 : mem-field "items") at (L),
           (get_item_t_58 : mem-field "existent") at (L),
           (get_item_t_58 : mem-field "key_1") at (L),
           (get_item_t_58 : mem-field "b") at (L),
           (get_item_t_58 : mem-field "a") at (L)
 raw memories: 
 precise memories: 
 globals: 
 locals: map_15 at (Here)

Effects: doing one iteration
Effects: doing one iteration
Effects: fixpoint reached
Effects for logic function compare_items:
 alloc_table: 
 tag_table: 
 memories: (i2_32 : mem-field "value_1") at (L2),
           (i1_31 : mem-field "value_1") at (L1),
           (i2_32 : mem-field "key_1") at (L2),
           (i1_31 : mem-field "key_1") at (L1),
           (i2_32 : mem-field "d") at (L2), (i1_31 : mem-field "d") at (L1),
           (i2_32 : mem-field "c") at (L2), (i1_31 : mem-field "c") at (L1),
           (i2_32 : mem-field "b") at (L2), (i1_31 : mem-field "b") at (L1),
           (i2_32 : mem-field "a") at (L2), (i1_31 : mem-field "a") at (L1)
 raw memories: 
 precise memories: 
 globals: 
 locals: i2 at (Here), i1 at (Here)

Effects: doing one iteration
Effects: doing one iteration
Effects: fixpoint reached
Effects for logic function count_lowers:
 alloc_table: 
 tag_table: 
 memories: (map_16_33 : mem-field "count") at (L1, L2)
 raw memories: 
 precise memories: 
 globals: 
 locals: map_16 at (Here)

Effects: doing one iteration
Effects: doing one iteration
Effects: fixpoint reached
Effects for logic function same_count:
 alloc_table: 
 tag_table: 
 memories: (map_17_34 : mem-field "count") at (L1, L2)
 raw memories: 
 precise memories: 
 globals: 
 locals: map_17 at (Here)

Effects: doing one iteration
Effects: doing one iteration
Effects: fixpoint reached
Effects for logic function same_capacity:
 alloc_table: 
 tag_table: 
 memories: (map_18_35 : mem-field "capacity") at (L1, L2)
 raw memories: 
 precise memories: 
 globals: 
 locals: map_18 at (Here)

Effects: doing one iteration
Effects: doing one iteration
Effects: fixpoint reached
Effects for logic function same_items:
 alloc_table: 
 tag_table: 
 memories: (map_19_36 : mem-field "capacity") at (L2),
           (map_19_36 : mem-field "items") at (L1, L2),
           (get_item_t_64 : mem-field "existent") at (L1, L2),
           (get_item_t_64 : mem-field "value_1") at (L1, L2),
           (get_item_t_64 : mem-field "key_1") at (L1, L2),
           (get_item_t_64 : mem-field "d") at (L1, L2),
           (get_item_t_64 : mem-field "c") at (L1, L2),
           (get_item_t_64 : mem-field "b") at (L1, L2),
           (get_item_t_64 : mem-field "a") at (L1, L2)
 raw memories: 
 precise memories: 
 globals: 
 locals: map_19 at (Here)

Effects: doing one iteration
Effects: doing one iteration
Effects: fixpoint reached
Effects for logic function no_mchg:
 alloc_table: 
 tag_table: 
 memories: (map_20_37 : mem-field "capacity") at (L1, L2),
           (map_20_37 : mem-field "items") at (L1, L2),
           (get_item_t_67 : mem-field "existent") at (L1, L2),
           (get_item_t_67 : mem-field "value_1") at (L1, L2),
           (get_item_t_67 : mem-field "key_1") at (L1, L2),
           (get_item_t_67 : mem-field "d") at (L1, L2),
           (get_item_t_67 : mem-field "c") at (L1, L2),
           (get_item_t_67 : mem-field "b") at (L1, L2),
           (key_38 : mem-field "b") at (L1),
           (get_item_t_67 : mem-field "a") at (L1, L2),
           (key_38 : mem-field "a") at (L1)
 raw memories: 
 precise memories: 
 globals: 
 locals: key at (Here), map_20 at (Here)

Effects: doing one iteration
Effects: doing one iteration
Effects: fixpoint reached
Effects for logic function no_new:
 alloc_table: 
 tag_table: 
 memories: (map_21_39 : mem-field "capacity") at (L1, L2),
           (map_21_39 : mem-field "items") at (L1, L2),
           (get_item_t_73 : mem-field "existent") at (L1, L2),
           (get_item_t_73 : mem-field "value_1") at (L1, L2),
           (get_item_t_73 : mem-field "key_1") at (L1, L2),
           (get_item_t_73 : mem-field "d") at (L1, L2),
           (get_item_t_73 : mem-field "c") at (L1, L2),
           (get_item_t_73 : mem-field "b") at (L1, L2),
           (get_item_t_73 : mem-field "a") at (L1, L2)
 raw memories: 
 precise memories: 
 globals: 
 locals: map_21 at (Here)

Effects: doing one iteration
Effects: doing one iteration
Effects: fixpoint reached
Effects for logic function is_valid_map:
 alloc_table: (items_243 : alloc-root "__anonstruct_Value_3") at (L),
              (map_22_40 : alloc-root "__anonstruct_Map_5") at (L),
              (items_243 : alloc-root "__anonstruct_Key_2") at (L),
              (items_243 : alloc-root "__anonstruct_Item_4") at (L)
 tag_table: 
 memories: (map_22_40 : mem-field "count") at (L),
           (map_22_40 : mem-field "capacity") at (L),
           (map_22_40 : mem-field "items") at (L),
           (items_243 : mem-field "existent") at (L),
           (items_243 : mem-field "value_1") at (L),
           (items_243 : mem-field "key_1") at (L),
           (items_243 : mem-field "b") at (L),
           (items_243 : mem-field "a") at (L)
 raw memories: 
 precise memories: 
 globals: 
 locals: map_22 at (Here)

Effects: doing one iteration...
all_memories(tag __anonstruct_Item_4):
  Found 2 memories.
all_allocs(tag __anonstruct_Item_4):
  Found 3 allocs.
all_memories(tag __anonstruct_Item_4):
  Found 2 memories.
all_allocs(tag __anonstruct_Item_4):
  Found 3 allocs.
Effects: doing one iteration...
all_memories(tag __anonstruct_Item_4):
  Found 2 memories.
all_allocs(tag __anonstruct_Item_4):
  Found 3 allocs.
all_memories(tag __anonstruct_Item_4):
  Found 2 memories.
all_allocs(tag __anonstruct_Item_4):
  Found 3 allocs.
Effects: doing one iteration...
all_memories(tag __anonstruct_Item_4):
  Found 2 memories.
all_allocs(tag __anonstruct_Item_4):
  Found 3 allocs.
all_memories(tag __anonstruct_Item_4):
  Found 2 memories.
all_allocs(tag __anonstruct_Item_4):
  Found 3 allocs.
Effects: doing one iteration...
all_memories(tag __anonstruct_Item_4):
  Found 2 memories.
all_allocs(tag __anonstruct_Item_4):
  Found 3 allocs.
all_memories(tag __anonstruct_Item_4):
  Found 2 memories.
all_allocs(tag __anonstruct_Item_4):
  Found 3 allocs.
Effects: fixpoint reached
Effects for function initializeMap:
 reads:  alloc_table: (items_77 : alloc-root "__anonstruct_Value_3") at (Here,
                      Old),
                      (map_1_41 : alloc-root "__anonstruct_Map_5") at (Here,
                      Old),
                      (items_77 : alloc-root "__anonstruct_Key_2") at (Here,
                      Old),
                      (items_77 : alloc-root "__anonstruct_Item_4") at (Here,
                      Old)
         tag_table: 
         memories: (map_1_41 : mem-field "count") at (Here),
                   (map_1_41 : mem-field "capacity") at (Here),
                   (map_1_41 : mem-field "items") at (Here),
                   (items_77 : mem-field "existent") at (Here),
                   (items_77 : mem-field "value_1") at (Here, Old),
                   (items_77 : mem-field "key_1") at (Here, Old),
                   (items_77 : mem-field "b") at (Here),
                   (items_77 : mem-field "a") at (Here)
         raw memories: (map_1_41 : mem-field "count") at (Here),
                       (map_1_41 : mem-field "capacity") at (Here),
                       (map_1_41 : mem-field "items") at (Here),
                       (items_77 : mem-field "existent") at (Here),
                       (items_77 : mem-field "value_1") at (Here, Old),
                       (items_77 : mem-field "key_1") at (Here, Old)
         precise memories: 
         globals: 
         locals: \result at (Here), size at (Here), map_1 at (Here)

 writes:  alloc_table: (map_1_41 : alloc-root "__anonstruct_Map_5") at (Here)
          tag_table: 
          memories: (map_1_41 : mem-field "count") at (Old),
                    (map_1_41 : mem-field "capacity") at (Old),
                    (map_1_41 : mem-field "items") at (Old)
          raw memories: (map_1_41 : mem-field "count") at (Old),
                        (map_1_41 : mem-field "capacity") at (Old),
                        (map_1_41 : mem-field "items") at (Old)
          precise memories: 
          globals: 
          locals: 

 raises: 
Effects: doing one iteration...
Effects: doing one iteration...
Effects: doing one iteration...
Effects: doing one iteration...
Effects: fixpoint reached
Effects for function addElement:
 reads:  alloc_table: (items_78 : alloc-root "__anonstruct_Value_3") at (Here),
                      (value_44 : alloc-root "__anonstruct_Value_3") at (Here),
                      (map_42 : alloc-root "__anonstruct_Map_5") at (Here,
                      Old),
                      (items_78 : alloc-root "__anonstruct_Key_2") at (Here),
                      (key_43 : alloc-root "__anonstruct_Key_2") at (Here),
                      (items_78 : alloc-root "__anonstruct_Item_4") at (Here)
         tag_table: 
         memories: (map_42 : mem-field "count") at (Here, Old),
                   (map_42 : mem-field "capacity") at (Here, Old),
                   (map_42 : mem-field "items") at (Here, Old),
                   (items_78 : mem-field "existent") at (Here, Old),
                   (items_78 : mem-field "value_1") at (Here, Old),
                   (items_78 : mem-field "key_1") at (Here, Old),
                   (items_78 : mem-field "d") at (Here, Old),
                   (value_44 : mem-field "d") at (Here),
                   (items_78 : mem-field "c") at (Here, Old),
                   (value_44 : mem-field "c") at (Here),
                   (items_78 : mem-field "b") at (Here, Old),
                   (key_43 : mem-field "b") at (Here, Old),
                   (items_78 : mem-field "a") at (Here, Old),
                   (key_43 : mem-field "a") at (Here, Old)
         raw memories: (map_42 : mem-field "count") at (Here, Old),
                       (map_42 : mem-field "capacity") at (Here, Old)
         precise memories: 
         globals: 
         locals: \result at (Here), value at (Here), key at (Here),
                 map at (Here)

 writes:  alloc_table: 
          tag_table: 
          memories: (map_42 : mem-field "items") at (Old)
          raw memories: (map_42 : mem-field "items") at (Old)
          precise memories: 
          globals: 
          locals: 

 raises: 
Effects: doing one iteration...
Effects: doing one iteration...
Effects: doing one iteration...
Effects: doing one iteration...
Effects: fixpoint reached
Effects for function getElement:
 reads:  alloc_table: (get_item_t_87 : alloc-root "__anonstruct_Value_3") at (Here),
                      (value_0_47 : alloc-root "__anonstruct_Value_3") at (Here,
                      Old),
                      (map_0_45 : alloc-root "__anonstruct_Map_5") at (Here),
                      (get_item_t_87 : alloc-root "__anonstruct_Key_2") at (Here),
                      (key_0_46 : alloc-root "__anonstruct_Key_2") at (Here),
                      (get_item_t_87 : alloc-root "__anonstruct_Item_4") at (Here)
         tag_table: 
         memories: (map_0_45 : mem-field "count") at (Here, Old),
                   (map_0_45 : mem-field "capacity") at (Here, Old),
                   (map_0_45 : mem-field "items") at (Here, Old),
                   (get_item_t_87 : mem-field "existent") at (Here, Old),
                   (get_item_t_87 : mem-field "value_1") at (Here, Old),
                   (get_item_t_87 : mem-field "key_1") at (Here, Old),
                   (get_item_t_87 : mem-field "d") at (Here, Old),
                   (value_0_47 : mem-field "d") at (Here, Old),
                   (get_item_t_87 : mem-field "c") at (Here, Old),
                   (value_0_47 : mem-field "c") at (Here, Old),
                   (get_item_t_87 : mem-field "b") at (Here, Old),
                   (key_0_46 : mem-field "b") at (Here, Old),
                   (get_item_t_87 : mem-field "a") at (Here, Old),
                   (key_0_46 : mem-field "a") at (Here, Old)
         raw memories: (map_0_45 : mem-field "capacity") at (Here)
         precise memories: 
         globals: 
         locals: \result at (Here), value_0 at (Here), key_0 at (Here),
                 map_0 at (Here)

 writes:  alloc_table: 
          tag_table: 
          memories: (value_0_47 : mem-field "d") at (Old),
                    (value_0_47 : mem-field "c") at (Old)
          raw memories: (value_0_47 : mem-field "d") at (Old),
                        (value_0_47 : mem-field "c") at (Old)
          precise memories: 
          globals: 
          locals: 

 raises: 
Translate logic types
Translate structures
all_allocs(tag __anonstruct_Item_4):
  Found 3 allocs.
all_memories(tag __anonstruct_Item_4):
  Found 2 memories.
all_memories(tag __anonstruct_Item_4):
  Found 2 memories.
all_allocs(tag __anonstruct_Item_4):
  Found 3 allocs.
all_allocs(tag __anonstruct_Item_4):
  Found 3 allocs.
all_memories(tag __anonstruct_Item_4):
  Found 2 memories.
all_allocs(tag __anonstruct_Item_4):
  Found 3 allocs.
all_tags(tag __anonstruct_Item_4):
  Found 3 tags.
all_memories(tag __anonstruct_Item_4):
  Found 2 memories.
all_memories(tag __anonstruct_Item_4):
  Found 2 memories.
all_tags(tag __anonstruct_Item_4):
  Found 3 tags.
all_memories(tag __anonstruct_Item_4):
  Found 2 memories.
all_tags(tag __anonstruct_Item_4):
  Found 3 tags.
all_memories(tag __anonstruct_Item_4):
  Found 2 memories.
all_tags(tag __anonstruct_Item_4):
  Found 3 tags.
all_memories(tag __anonstruct_Item_4):
  Found 2 memories.
all_allocs(tag __anonstruct_Item_4):
  Found 3 allocs.
all_tags(tag __anonstruct_Item_4):
  Found 3 tags.
all_memories(tag __anonstruct_Item_4):
  Found 2 memories.
all_allocs(tag __anonstruct_Item_4):
  Found 3 allocs.
all_memories(tag __anonstruct_Item_4):
  Found 2 memories.
all_memories(tag __anonstruct_Item_4):
  Found 2 memories.
all_allocs(tag __anonstruct_Item_4):
  Found 3 allocs.
all_allocs(tag __anonstruct_Item_4):
  Found 3 allocs.
all_memories(tag __anonstruct_Item_4):
  Found 2 memories.
all_memories(tag __anonstruct_Item_4):
  Found 2 memories.
all_allocs(tag __anonstruct_Item_4):
  Found 3 allocs.
all_allocs(tag __anonstruct_Item_4):
  Found 3 allocs.
all_memories(tag __anonstruct_Item_4):
  Found 2 memories.
all_allocs(tag __anonstruct_Item_4):
  Found 3 allocs.
all_tags(tag __anonstruct_Item_4):
  Found 3 tags.
all_memories(tag __anonstruct_Item_4):
  Found 2 memories.
all_memories(tag __anonstruct_Item_4):
  Found 2 memories.
all_tags(tag __anonstruct_Item_4):
  Found 3 tags.
all_memories(tag __anonstruct_Item_4):
  Found 2 memories.
all_tags(tag __anonstruct_Item_4):
  Found 3 tags.
all_memories(tag __anonstruct_Item_4):
  Found 2 memories.
all_tags(tag __anonstruct_Item_4):
  Found 3 tags.
all_memories(tag __anonstruct_Item_4):
  Found 2 memories.
all_allocs(tag __anonstruct_Item_4):
  Found 3 allocs.
all_tags(tag __anonstruct_Item_4):
  Found 3 tags.
all_memories(tag __anonstruct_Item_4):
  Found 2 memories.
all_allocs(tag __anonstruct_Item_4):
  Found 3 allocs.
all_memories(tag __anonstruct_Item_4):
  Found 2 memories.
all_memories(tag __anonstruct_Item_4):
  Found 2 memories.
all_allocs(tag __anonstruct_Item_4):
  Found 3 allocs.
all_allocs(tag __anonstruct_Item_4):
  Found 3 allocs.
all_tags(tag __anonstruct_Item_4):
  Found 3 tags.
all_memories(tag __anonstruct_Item_4):
  Found 2 memories.
all_memories(tag __anonstruct_Item_4):
  Found 2 memories.
all_tags(tag __anonstruct_Item_4):
  Found 3 tags.
all_memories(tag __anonstruct_Item_4):
  Found 2 memories.
all_tags(tag __anonstruct_Item_4):
  Found 3 tags.
all_memories(tag __anonstruct_Item_4):
  Found 2 memories.
all_tags(tag __anonstruct_Item_4):
  Found 3 tags.
all_memories(tag __anonstruct_Item_4):
  Found 2 memories.
all_allocs(tag __anonstruct_Item_4):
  Found 3 allocs.
all_tags(tag __anonstruct_Item_4):
  Found 3 tags.
all_memories(tag __anonstruct_Item_4):
  Found 2 memories.
all_allocs(tag __anonstruct_Item_4):
  Found 3 allocs.
all_memories(tag __anonstruct_Item_4):
  Found 2 memories.
all_memories(tag __anonstruct_Item_4):
  Found 2 memories.
all_allocs(tag __anonstruct_Item_4):
  Found 3 allocs.
all_tags(tag __anonstruct_Item_4):
  Found 3 tags.
all_memories(tag __anonstruct_Item_4):
  Found 2 memories.
all_allocs(tag __anonstruct_Item_4):
  Found 3 allocs.
all_memories(tag __anonstruct_Item_4):
  Found 2 memories.
all_allocs(tag __anonstruct_Item_4):
  Found 3 allocs.
all_memories(tag __anonstruct_Item_4):
  Found 2 memories.
all_memories(tag __anonstruct_Item_4):
  Found 2 memories.
all_tags(tag __anonstruct_Item_4):
  Found 3 tags.
all_memories(tag __anonstruct_Value_3):
  Found 0 memories.
all_tags(tag __anonstruct_Value_3):
  Found 1 tags.
all_memories(tag __anonstruct_Key_2):
  Found 0 memories.
all_tags(tag __anonstruct_Key_2):
  Found 1 tags.
all_memories(tag __anonstruct_Value_3):
  Found 0 memories.
all_tags(tag __anonstruct_Value_3):
  Found 1 tags.
all_memories(tag __anonstruct_Key_2):
  Found 0 memories.
all_tags(tag __anonstruct_Key_2):
  Found 1 tags.
all_memories(tag __anonstruct_Item_4):
  Found 2 memories.
all_allocs(tag __anonstruct_Item_4):
  Found 3 allocs.
all_memories(tag __anonstruct_Value_3):
  Found 0 memories.
all_allocs(tag __anonstruct_Value_3):
  Found 1 allocs.
all_memories(tag __anonstruct_Key_2):
  Found 0 memories.
all_allocs(tag __anonstruct_Key_2):
  Found 1 allocs.
all_memories(tag __anonstruct_Value_3):
  Found 0 memories.
all_allocs(tag __anonstruct_Value_3):
  Found 1 allocs.
all_memories(tag __anonstruct_Key_2):
  Found 0 memories.
all_allocs(tag __anonstruct_Key_2):
  Found 1 allocs.
all_memories(tag __anonstruct_Item_4):
  Found 2 memories.
all_tags(tag __anonstruct_Item_4):
  Found 3 tags.
all_memories(tag __anonstruct_Value_3):
  Found 0 memories.
all_tags(tag __anonstruct_Value_3):
  Found 1 tags.
all_memories(tag __anonstruct_Key_2):
  Found 0 memories.
all_tags(tag __anonstruct_Key_2):
  Found 1 tags.
all_memories(tag __anonstruct_Item_4):
  Found 2 memories.
all_tags(tag __anonstruct_Item_4):
  Found 3 tags.
all_memories(tag __anonstruct_Value_3):
  Found 0 memories.
all_tags(tag __anonstruct_Value_3):
  Found 1 tags.
all_memories(tag __anonstruct_Key_2):
  Found 0 memories.
all_tags(tag __anonstruct_Key_2):
  Found 1 tags.
all_memories(tag __anonstruct_Value_3):
  Found 0 memories.
all_tags(tag __anonstruct_Value_3):
  Found 1 tags.
all_memories(tag __anonstruct_Key_2):
  Found 0 memories.
all_tags(tag __anonstruct_Key_2):
  Found 1 tags.
all_memories(tag __anonstruct_Value_3):
  Found 0 memories.
all_tags(tag __anonstruct_Value_3):
  Found 1 tags.
all_memories(tag __anonstruct_Key_2):
  Found 0 memories.
all_tags(tag __anonstruct_Key_2):
  Found 1 tags.
all_memories(tag __anonstruct_Item_4):
  Found 2 memories.
all_tags(tag __anonstruct_Item_4):
  Found 3 tags.
all_memories(tag __anonstruct_Value_3):
  Found 0 memories.
all_tags(tag __anonstruct_Value_3):
  Found 1 tags.
all_memories(tag __anonstruct_Key_2):
  Found 0 memories.
all_tags(tag __anonstruct_Key_2):
  Found 1 tags.
all_memories(tag __anonstruct_Item_4):
  Found 2 memories.
all_tags(tag __anonstruct_Item_4):
  Found 3 tags.
all_memories(tag __anonstruct_Value_3):
  Found 0 memories.
all_tags(tag __anonstruct_Value_3):
  Found 1 tags.
all_memories(tag __anonstruct_Key_2):
  Found 0 memories.
all_tags(tag __anonstruct_Key_2):
  Found 1 tags.
all_memories(tag __anonstruct_Value_3):
  Found 0 memories.
all_tags(tag __anonstruct_Value_3):
  Found 1 tags.
all_memories(tag __anonstruct_Key_2):
  Found 0 memories.
all_tags(tag __anonstruct_Key_2):
  Found 1 tags.
all_memories(tag __anonstruct_Value_3):
  Found 0 memories.
all_tags(tag __anonstruct_Value_3):
  Found 1 tags.
all_memories(tag __anonstruct_Key_2):
  Found 0 memories.
all_tags(tag __anonstruct_Key_2):
  Found 1 tags.
all_memories(tag __anonstruct_Item_4):
  Found 2 memories.
all_tags(tag __anonstruct_Item_4):
  Found 3 tags.
all_memories(tag __anonstruct_Value_3):
  Found 0 memories.
all_tags(tag __anonstruct_Value_3):
  Found 1 tags.
all_memories(tag __anonstruct_Key_2):
  Found 0 memories.
all_tags(tag __anonstruct_Key_2):
  Found 1 tags.
all_memories(tag __anonstruct_Item_4):
  Found 2 memories.
all_tags(tag __anonstruct_Item_4):
  Found 3 tags.
all_memories(tag __anonstruct_Value_3):
  Found 0 memories.
all_tags(tag __anonstruct_Value_3):
  Found 1 tags.
all_memories(tag __anonstruct_Key_2):
  Found 0 memories.
all_tags(tag __anonstruct_Key_2):
  Found 1 tags.
all_memories(tag __anonstruct_Value_3):
  Found 0 memories.
all_tags(tag __anonstruct_Value_3):
  Found 1 tags.
all_memories(tag __anonstruct_Key_2):
  Found 0 memories.
all_tags(tag __anonstruct_Key_2):
  Found 1 tags.
all_memories(tag __anonstruct_Value_3):
  Found 0 memories.
all_tags(tag __anonstruct_Value_3):
  Found 1 tags.
all_memories(tag __anonstruct_Key_2):
  Found 0 memories.
all_tags(tag __anonstruct_Key_2):
  Found 1 tags.
all_memories(tag __anonstruct_Item_4):
  Found 2 memories.
all_allocs(tag __anonstruct_Item_4):
  Found 3 allocs.
all_memories(tag __anonstruct_Value_3):
  Found 0 memories.
all_allocs(tag __anonstruct_Value_3):
  Found 1 allocs.
all_memories(tag __anonstruct_Key_2):
  Found 0 memories.
all_allocs(tag __anonstruct_Key_2):
  Found 1 allocs.
all_memories(tag __anonstruct_Item_4):
  Found 2 memories.
all_allocs(tag __anonstruct_Item_4):
  Found 3 allocs.
all_memories(tag __anonstruct_Value_3):
  Found 0 memories.
all_allocs(tag __anonstruct_Value_3):
  Found 1 allocs.
all_memories(tag __anonstruct_Key_2):
  Found 0 memories.
all_allocs(tag __anonstruct_Key_2):
  Found 1 allocs.
all_memories(tag __anonstruct_Item_4):
  Found 2 memories.
all_allocs(tag __anonstruct_Item_4):
  Found 3 allocs.
all_memories(tag __anonstruct_Value_3):
  Found 0 memories.
all_allocs(tag __anonstruct_Value_3):
  Found 1 allocs.
all_memories(tag __anonstruct_Key_2):
  Found 0 memories.
all_allocs(tag __anonstruct_Key_2):
  Found 1 allocs.
all_memories(tag __anonstruct_Item_4):
  Found 2 memories.
all_allocs(tag __anonstruct_Item_4):
  Found 3 allocs.
all_memories(tag __anonstruct_Value_3):
  Found 0 memories.
all_allocs(tag __anonstruct_Value_3):
  Found 1 allocs.
all_memories(tag __anonstruct_Key_2):
  Found 0 memories.
all_allocs(tag __anonstruct_Key_2):
  Found 1 allocs.
all_memories(tag __anonstruct_Value_3):
  Found 0 memories.
all_allocs(tag __anonstruct_Value_3):
  Found 1 allocs.
all_memories(tag __anonstruct_Key_2):
  Found 0 memories.
all_allocs(tag __anonstruct_Key_2):
  Found 1 allocs.
all_memories(tag __anonstruct_Value_3):
  Found 0 memories.
all_allocs(tag __anonstruct_Value_3):
  Found 1 allocs.
all_memories(tag __anonstruct_Key_2):
  Found 0 memories.
all_allocs(tag __anonstruct_Key_2):
  Found 1 allocs.
all_memories(tag __anonstruct_Item_4):
  Found 2 memories.
all_allocs(tag __anonstruct_Item_4):
  Found 3 allocs.
all_memories(tag __anonstruct_Value_3):
  Found 0 memories.
all_allocs(tag __anonstruct_Value_3):
  Found 1 allocs.
all_memories(tag __anonstruct_Key_2):
  Found 0 memories.
all_allocs(tag __anonstruct_Key_2):
  Found 1 allocs.
all_memories(tag __anonstruct_Value_3):
  Found 0 memories.
all_allocs(tag __anonstruct_Value_3):
  Found 1 allocs.
all_memories(tag __anonstruct_Key_2):
  Found 0 memories.
all_allocs(tag __anonstruct_Key_2):
  Found 1 allocs.
all_memories(tag __anonstruct_Value_3):
  Found 0 memories.
all_allocs(tag __anonstruct_Value_3):
  Found 1 allocs.
all_memories(tag __anonstruct_Key_2):
  Found 0 memories.
all_allocs(tag __anonstruct_Key_2):
  Found 1 allocs.
all_allocs(tag __anonstruct_Key_2):
  Found 1 allocs.
all_memories(tag __anonstruct_Key_2):
  Found 0 memories.
all_memories(tag __anonstruct_Key_2):
  Found 0 memories.
all_allocs(tag __anonstruct_Key_2):
  Found 1 allocs.
all_allocs(tag __anonstruct_Key_2):
  Found 1 allocs.
all_memories(tag __anonstruct_Key_2):
  Found 0 memories.
all_allocs(tag __anonstruct_Key_2):
  Found 1 allocs.
all_tags(tag __anonstruct_Key_2):
  Found 1 tags.
all_memories(tag __anonstruct_Key_2):
  Found 0 memories.
all_memories(tag __anonstruct_Key_2):
  Found 0 memories.
all_tags(tag __anonstruct_Key_2):
  Found 1 tags.
all_memories(tag __anonstruct_Key_2):
  Found 0 memories.
all_tags(tag __anonstruct_Key_2):
  Found 1 tags.
all_memories(tag __anonstruct_Key_2):
  Found 0 memories.
all_tags(tag __anonstruct_Key_2):
  Found 1 tags.
all_memories(tag __anonstruct_Key_2):
  Found 0 memories.
all_allocs(tag __anonstruct_Key_2):
  Found 1 allocs.
all_tags(tag __anonstruct_Key_2):
  Found 1 tags.
all_memories(tag __anonstruct_Key_2):
  Found 0 memories.
all_allocs(tag __anonstruct_Key_2):
  Found 1 allocs.
all_memories(tag __anonstruct_Key_2):
  Found 0 memories.
all_memories(tag __anonstruct_Key_2):
  Found 0 memories.
all_allocs(tag __anonstruct_Key_2):
  Found 1 allocs.
all_allocs(tag __anonstruct_Key_2):
  Found 1 allocs.
all_memories(tag __anonstruct_Key_2):
  Found 0 memories.
all_memories(tag __anonstruct_Key_2):
  Found 0 memories.
all_allocs(tag __anonstruct_Key_2):
  Found 1 allocs.
all_allocs(tag __anonstruct_Key_2):
  Found 1 allocs.
all_memories(tag __anonstruct_Key_2):
  Found 0 memories.
all_allocs(tag __anonstruct_Key_2):
  Found 1 allocs.
all_tags(tag __anonstruct_Key_2):
  Found 1 tags.
all_memories(tag __anonstruct_Key_2):
  Found 0 memories.
all_memories(tag __anonstruct_Key_2):
  Found 0 memories.
all_tags(tag __anonstruct_Key_2):
  Found 1 tags.
all_memories(tag __anonstruct_Key_2):
  Found 0 memories.
all_tags(tag __anonstruct_Key_2):
  Found 1 tags.
all_memories(tag __anonstruct_Key_2):
  Found 0 memories.
all_tags(tag __anonstruct_Key_2):
  Found 1 tags.
all_memories(tag __anonstruct_Key_2):
  Found 0 memories.
all_allocs(tag __anonstruct_Key_2):
  Found 1 allocs.
all_tags(tag __anonstruct_Key_2):
  Found 1 tags.
all_memories(tag __anonstruct_Key_2):
  Found 0 memories.
all_allocs(tag __anonstruct_Key_2):
  Found 1 allocs.
all_memories(tag __anonstruct_Key_2):
  Found 0 memories.
all_memories(tag __anonstruct_Key_2):
  Found 0 memories.
all_allocs(tag __anonstruct_Key_2):
  Found 1 allocs.
all_allocs(tag __anonstruct_Key_2):
  Found 1 allocs.
all_tags(tag __anonstruct_Key_2):
  Found 1 tags.
all_memories(tag __anonstruct_Key_2):
  Found 0 memories.
all_memories(tag __anonstruct_Key_2):
  Found 0 memories.
all_tags(tag __anonstruct_Key_2):
  Found 1 tags.
all_memories(tag __anonstruct_Key_2):
  Found 0 memories.
all_tags(tag __anonstruct_Key_2):
  Found 1 tags.
all_memories(tag __anonstruct_Key_2):
  Found 0 memories.
all_tags(tag __anonstruct_Key_2):
  Found 1 tags.
all_memories(tag __anonstruct_Key_2):
  Found 0 memories.
all_allocs(tag __anonstruct_Key_2):
  Found 1 allocs.
all_tags(tag __anonstruct_Key_2):
  Found 1 tags.
all_memories(tag __anonstruct_Key_2):
  Found 0 memories.
all_allocs(tag __anonstruct_Key_2):
  Found 1 allocs.
all_memories(tag __anonstruct_Key_2):
  Found 0 memories.
all_memories(tag __anonstruct_Key_2):
  Found 0 memories.
all_allocs(tag __anonstruct_Key_2):
  Found 1 allocs.
all_tags(tag __anonstruct_Key_2):
  Found 1 tags.
all_memories(tag __anonstruct_Key_2):
  Found 0 memories.
all_allocs(tag __anonstruct_Key_2):
  Found 1 allocs.
all_memories(tag __anonstruct_Key_2):
  Found 0 memories.
all_allocs(tag __anonstruct_Key_2):
  Found 1 allocs.
all_memories(tag __anonstruct_Key_2):
  Found 0 memories.
all_memories(tag __anonstruct_Key_2):
  Found 0 memories.
all_tags(tag __anonstruct_Key_2):
  Found 1 tags.
all_memories(tag __anonstruct_Key_2):
  Found 0 memories.
all_allocs(tag __anonstruct_Key_2):
  Found 1 allocs.
all_memories(tag __anonstruct_Key_2):
  Found 0 memories.
all_tags(tag __anonstruct_Key_2):
  Found 1 tags.
all_memories(tag __anonstruct_Key_2):
  Found 0 memories.
all_tags(tag __anonstruct_Key_2):
  Found 1 tags.
all_memories(tag __anonstruct_Key_2):
  Found 0 memories.
all_tags(tag __anonstruct_Key_2):
  Found 1 tags.
all_memories(tag __anonstruct_Key_2):
  Found 0 memories.
all_tags(tag __anonstruct_Key_2):
  Found 1 tags.
all_memories(tag __anonstruct_Key_2):
  Found 0 memories.
all_tags(tag __anonstruct_Key_2):
  Found 1 tags.
all_memories(tag __anonstruct_Key_2):
  Found 0 memories.
all_tags(tag __anonstruct_Key_2):
  Found 1 tags.
all_memories(tag __anonstruct_Key_2):
  Found 0 memories.
all_allocs(tag __anonstruct_Key_2):
  Found 1 allocs.
all_memories(tag __anonstruct_Key_2):
  Found 0 memories.
all_allocs(tag __anonstruct_Key_2):
  Found 1 allocs.
all_memories(tag __anonstruct_Key_2):
  Found 0 memories.
all_allocs(tag __anonstruct_Key_2):
  Found 1 allocs.
all_memories(tag __anonstruct_Key_2):
  Found 0 memories.
all_allocs(tag __anonstruct_Key_2):
  Found 1 allocs.
all_memories(tag __anonstruct_Key_2):
  Found 0 memories.
all_allocs(tag __anonstruct_Key_2):
  Found 1 allocs.
all_allocs(tag __anonstruct_Map_5):
  Found 1 allocs.
all_memories(tag __anonstruct_Map_5):
  Found 0 memories.
all_memories(tag __anonstruct_Map_5):
  Found 0 memories.
all_allocs(tag __anonstruct_Map_5):
  Found 1 allocs.
all_allocs(tag __anonstruct_Map_5):
  Found 1 allocs.
all_memories(tag __anonstruct_Map_5):
  Found 0 memories.
all_allocs(tag __anonstruct_Map_5):
  Found 1 allocs.
all_tags(tag __anonstruct_Map_5):
  Found 1 tags.
all_memories(tag __anonstruct_Map_5):
  Found 0 memories.
all_memories(tag __anonstruct_Map_5):
  Found 0 memories.
all_tags(tag __anonstruct_Map_5):
  Found 1 tags.
all_memories(tag __anonstruct_Map_5):
  Found 0 memories.
all_tags(tag __anonstruct_Map_5):
  Found 1 tags.
all_memories(tag __anonstruct_Map_5):
  Found 0 memories.
all_tags(tag __anonstruct_Map_5):
  Found 1 tags.
all_memories(tag __anonstruct_Map_5):
  Found 0 memories.
all_allocs(tag __anonstruct_Map_5):
  Found 1 allocs.
all_tags(tag __anonstruct_Map_5):
  Found 1 tags.
all_memories(tag __anonstruct_Map_5):
  Found 0 memories.
all_allocs(tag __anonstruct_Map_5):
  Found 1 allocs.
all_memories(tag __anonstruct_Map_5):
  Found 0 memories.
all_memories(tag __anonstruct_Map_5):
  Found 0 memories.
all_allocs(tag __anonstruct_Map_5):
  Found 1 allocs.
all_allocs(tag __anonstruct_Map_5):
  Found 1 allocs.
all_memories(tag __anonstruct_Map_5):
  Found 0 memories.
all_memories(tag __anonstruct_Map_5):
  Found 0 memories.
all_allocs(tag __anonstruct_Map_5):
  Found 1 allocs.
all_allocs(tag __anonstruct_Map_5):
  Found 1 allocs.
all_memories(tag __anonstruct_Map_5):
  Found 0 memories.
all_allocs(tag __anonstruct_Map_5):
  Found 1 allocs.
all_tags(tag __anonstruct_Map_5):
  Found 1 tags.
all_memories(tag __anonstruct_Map_5):
  Found 0 memories.
all_memories(tag __anonstruct_Map_5):
  Found 0 memories.
all_tags(tag __anonstruct_Map_5):
  Found 1 tags.
all_memories(tag __anonstruct_Map_5):
  Found 0 memories.
all_tags(tag __anonstruct_Map_5):
  Found 1 tags.
all_memories(tag __anonstruct_Map_5):
  Found 0 memories.
all_tags(tag __anonstruct_Map_5):
  Found 1 tags.
all_memories(tag __anonstruct_Map_5):
  Found 0 memories.
all_allocs(tag __anonstruct_Map_5):
  Found 1 allocs.
all_tags(tag __anonstruct_Map_5):
  Found 1 tags.
all_memories(tag __anonstruct_Map_5):
  Found 0 memories.
all_allocs(tag __anonstruct_Map_5):
  Found 1 allocs.
all_memories(tag __anonstruct_Map_5):
  Found 0 memories.
all_memories(tag __anonstruct_Map_5):
  Found 0 memories.
all_allocs(tag __anonstruct_Map_5):
  Found 1 allocs.
all_allocs(tag __anonstruct_Map_5):
  Found 1 allocs.
all_tags(tag __anonstruct_Map_5):
  Found 1 tags.
all_memories(tag __anonstruct_Map_5):
  Found 0 memories.
all_memories(tag __anonstruct_Map_5):
  Found 0 memories.
all_tags(tag __anonstruct_Map_5):
  Found 1 tags.
all_memories(tag __anonstruct_Map_5):
  Found 0 memories.
all_tags(tag __anonstruct_Map_5):
  Found 1 tags.
all_memories(tag __anonstruct_Map_5):
  Found 0 memories.
all_tags(tag __anonstruct_Map_5):
  Found 1 tags.
all_memories(tag __anonstruct_Map_5):
  Found 0 memories.
all_allocs(tag __anonstruct_Map_5):
  Found 1 allocs.
all_tags(tag __anonstruct_Map_5):
  Found 1 tags.
all_memories(tag __anonstruct_Map_5):
  Found 0 memories.
all_allocs(tag __anonstruct_Map_5):
  Found 1 allocs.
all_memories(tag __anonstruct_Map_5):
  Found 0 memories.
all_memories(tag __anonstruct_Map_5):
  Found 0 memories.
all_allocs(tag __anonstruct_Map_5):
  Found 1 allocs.
all_tags(tag __anonstruct_Map_5):
  Found 1 tags.
all_memories(tag __anonstruct_Map_5):
  Found 0 memories.
all_allocs(tag __anonstruct_Map_5):
  Found 1 allocs.
all_memories(tag __anonstruct_Map_5):
  Found 0 memories.
all_allocs(tag __anonstruct_Map_5):
  Found 1 allocs.
all_memories(tag __anonstruct_Map_5):
  Found 0 memories.
all_memories(tag __anonstruct_Map_5):
  Found 0 memories.
all_tags(tag __anonstruct_Map_5):
  Found 1 tags.
all_memories(tag __anonstruct_Map_5):
  Found 0 memories.
all_allocs(tag __anonstruct_Map_5):
  Found 1 allocs.
all_memories(tag __anonstruct_Map_5):
  Found 0 memories.
all_tags(tag __anonstruct_Map_5):
  Found 1 tags.
all_memories(tag __anonstruct_Map_5):
  Found 0 memories.
all_tags(tag __anonstruct_Map_5):
  Found 1 tags.
all_memories(tag __anonstruct_Map_5):
  Found 0 memories.
all_tags(tag __anonstruct_Map_5):
  Found 1 tags.
all_memories(tag __anonstruct_Map_5):
  Found 0 memories.
all_tags(tag __anonstruct_Map_5):
  Found 1 tags.
all_memories(tag __anonstruct_Map_5):
  Found 0 memories.
all_tags(tag __anonstruct_Map_5):
  Found 1 tags.
all_memories(tag __anonstruct_Map_5):
  Found 0 memories.
all_tags(tag __anonstruct_Map_5):
  Found 1 tags.
all_memories(tag __anonstruct_Map_5):
  Found 0 memories.
all_allocs(tag __anonstruct_Map_5):
  Found 1 allocs.
all_memories(tag __anonstruct_Map_5):
  Found 0 memories.
all_allocs(tag __anonstruct_Map_5):
  Found 1 allocs.
all_memories(tag __anonstruct_Map_5):
  Found 0 memories.
all_allocs(tag __anonstruct_Map_5):
  Found 1 allocs.
all_memories(tag __anonstruct_Map_5):
  Found 0 memories.
all_allocs(tag __anonstruct_Map_5):
  Found 1 allocs.
all_memories(tag __anonstruct_Map_5):
  Found 0 memories.
all_allocs(tag __anonstruct_Map_5):
  Found 1 allocs.
all_allocs(tag __anonstruct_Value_3):
  Found 1 allocs.
all_memories(tag __anonstruct_Value_3):
  Found 0 memories.
all_memories(tag __anonstruct_Value_3):
  Found 0 memories.
all_allocs(tag __anonstruct_Value_3):
  Found 1 allocs.
all_allocs(tag __anonstruct_Value_3):
  Found 1 allocs.
all_memories(tag __anonstruct_Value_3):
  Found 0 memories.
all_allocs(tag __anonstruct_Value_3):
  Found 1 allocs.
all_tags(tag __anonstruct_Value_3):
  Found 1 tags.
all_memories(tag __anonstruct_Value_3):
  Found 0 memories.
all_memories(tag __anonstruct_Value_3):
  Found 0 memories.
all_tags(tag __anonstruct_Value_3):
  Found 1 tags.
all_memories(tag __anonstruct_Value_3):
  Found 0 memories.
all_tags(tag __anonstruct_Value_3):
  Found 1 tags.
all_memories(tag __anonstruct_Value_3):
  Found 0 memories.
all_tags(tag __anonstruct_Value_3):
  Found 1 tags.
all_memories(tag __anonstruct_Value_3):
  Found 0 memories.
all_allocs(tag __anonstruct_Value_3):
  Found 1 allocs.
all_tags(tag __anonstruct_Value_3):
  Found 1 tags.
all_memories(tag __anonstruct_Value_3):
  Found 0 memories.
all_allocs(tag __anonstruct_Value_3):
  Found 1 allocs.
all_memories(tag __anonstruct_Value_3):
  Found 0 memories.
all_memories(tag __anonstruct_Value_3):
  Found 0 memories.
all_allocs(tag __anonstruct_Value_3):
  Found 1 allocs.
all_allocs(tag __anonstruct_Value_3):
  Found 1 allocs.
all_memories(tag __anonstruct_Value_3):
  Found 0 memories.
all_memories(tag __anonstruct_Value_3):
  Found 0 memories.
all_allocs(tag __anonstruct_Value_3):
  Found 1 allocs.
all_allocs(tag __anonstruct_Value_3):
  Found 1 allocs.
all_memories(tag __anonstruct_Value_3):
  Found 0 memories.
all_allocs(tag __anonstruct_Value_3):
  Found 1 allocs.
all_tags(tag __anonstruct_Value_3):
  Found 1 tags.
all_memories(tag __anonstruct_Value_3):
  Found 0 memories.
all_memories(tag __anonstruct_Value_3):
  Found 0 memories.
all_tags(tag __anonstruct_Value_3):
  Found 1 tags.
all_memories(tag __anonstruct_Value_3):
  Found 0 memories.
all_tags(tag __anonstruct_Value_3):
  Found 1 tags.
all_memories(tag __anonstruct_Value_3):
  Found 0 memories.
all_tags(tag __anonstruct_Value_3):
  Found 1 tags.
all_memories(tag __anonstruct_Value_3):
  Found 0 memories.
all_allocs(tag __anonstruct_Value_3):
  Found 1 allocs.
all_tags(tag __anonstruct_Value_3):
  Found 1 tags.
all_memories(tag __anonstruct_Value_3):
  Found 0 memories.
all_allocs(tag __anonstruct_Value_3):
  Found 1 allocs.
all_memories(tag __anonstruct_Value_3):
  Found 0 memories.
all_memories(tag __anonstruct_Value_3):
  Found 0 memories.
all_allocs(tag __anonstruct_Value_3):
  Found 1 allocs.
all_allocs(tag __anonstruct_Value_3):
  Found 1 allocs.
all_tags(tag __anonstruct_Value_3):
  Found 1 tags.
all_memories(tag __anonstruct_Value_3):
  Found 0 memories.
all_memories(tag __anonstruct_Value_3):
  Found 0 memories.
all_tags(tag __anonstruct_Value_3):
  Found 1 tags.
all_memories(tag __anonstruct_Value_3):
  Found 0 memories.
all_tags(tag __anonstruct_Value_3):
  Found 1 tags.
all_memories(tag __anonstruct_Value_3):
  Found 0 memories.
all_tags(tag __anonstruct_Value_3):
  Found 1 tags.
all_memories(tag __anonstruct_Value_3):
  Found 0 memories.
all_allocs(tag __anonstruct_Value_3):
  Found 1 allocs.
all_tags(tag __anonstruct_Value_3):
  Found 1 tags.
all_memories(tag __anonstruct_Value_3):
  Found 0 memories.
all_allocs(tag __anonstruct_Value_3):
  Found 1 allocs.
all_memories(tag __anonstruct_Value_3):
  Found 0 memories.
all_memories(tag __anonstruct_Value_3):
  Found 0 memories.
all_allocs(tag __anonstruct_Value_3):
  Found 1 allocs.
all_tags(tag __anonstruct_Value_3):
  Found 1 tags.
all_memories(tag __anonstruct_Value_3):
  Found 0 memories.
all_allocs(tag __anonstruct_Value_3):
  Found 1 allocs.
all_memories(tag __anonstruct_Value_3):
  Found 0 memories.
all_allocs(tag __anonstruct_Value_3):
  Found 1 allocs.
all_memories(tag __anonstruct_Value_3):
  Found 0 memories.
all_memories(tag __anonstruct_Value_3):
  Found 0 memories.
all_tags(tag __anonstruct_Value_3):
  Found 1 tags.
all_memories(tag __anonstruct_Value_3):
  Found 0 memories.
all_allocs(tag __anonstruct_Value_3):
  Found 1 allocs.
all_memories(tag __anonstruct_Value_3):
  Found 0 memories.
all_tags(tag __anonstruct_Value_3):
  Found 1 tags.
all_memories(tag __anonstruct_Value_3):
  Found 0 memories.
all_tags(tag __anonstruct_Value_3):
  Found 1 tags.
all_memories(tag __anonstruct_Value_3):
  Found 0 memories.
all_tags(tag __anonstruct_Value_3):
  Found 1 tags.
all_memories(tag __anonstruct_Value_3):
  Found 0 memories.
all_tags(tag __anonstruct_Value_3):
  Found 1 tags.
all_memories(tag __anonstruct_Value_3):
  Found 0 memories.
all_tags(tag __anonstruct_Value_3):
  Found 1 tags.
all_memories(tag __anonstruct_Value_3):
  Found 0 memories.
all_tags(tag __anonstruct_Value_3):
  Found 1 tags.
all_memories(tag __anonstruct_Value_3):
  Found 0 memories.
all_allocs(tag __anonstruct_Value_3):
  Found 1 allocs.
all_memories(tag __anonstruct_Value_3):
  Found 0 memories.
all_allocs(tag __anonstruct_Value_3):
  Found 1 allocs.
all_memories(tag __anonstruct_Value_3):
  Found 0 memories.
all_allocs(tag __anonstruct_Value_3):
  Found 1 allocs.
all_memories(tag __anonstruct_Value_3):
  Found 0 memories.
all_allocs(tag __anonstruct_Value_3):
  Found 1 allocs.
all_memories(tag __anonstruct_Value_3):
  Found 0 memories.
all_allocs(tag __anonstruct_Value_3):
  Found 1 allocs.
all_allocs(tag charP):
  Found 1 allocs.
all_memories(tag charP):
  Found 0 memories.
all_memories(tag charP):
  Found 0 memories.
all_allocs(tag charP):
  Found 1 allocs.
all_allocs(tag charP):
  Found 1 allocs.
all_memories(tag charP):
  Found 0 memories.
all_allocs(tag charP):
  Found 1 allocs.
all_tags(tag charP):
  Found 1 tags.
all_memories(tag charP):
  Found 0 memories.
all_memories(tag charP):
  Found 0 memories.
all_tags(tag charP):
  Found 1 tags.
all_memories(tag charP):
  Found 0 memories.
all_tags(tag charP):
  Found 1 tags.
all_memories(tag charP):
  Found 0 memories.
all_tags(tag charP):
  Found 1 tags.
all_memories(tag charP):
  Found 0 memories.
all_allocs(tag charP):
  Found 1 allocs.
all_tags(tag charP):
  Found 1 tags.
all_memories(tag charP):
  Found 0 memories.
all_allocs(tag charP):
  Found 1 allocs.
all_memories(tag charP):
  Found 0 memories.
all_memories(tag charP):
  Found 0 memories.
all_allocs(tag charP):
  Found 1 allocs.
all_allocs(tag charP):
  Found 1 allocs.
all_memories(tag charP):
  Found 0 memories.
all_memories(tag charP):
  Found 0 memories.
all_allocs(tag charP):
  Found 1 allocs.
all_allocs(tag charP):
  Found 1 allocs.
all_memories(tag charP):
  Found 0 memories.
all_allocs(tag charP):
  Found 1 allocs.
all_tags(tag charP):
  Found 1 tags.
all_memories(tag charP):
  Found 0 memories.
all_memories(tag charP):
  Found 0 memories.
all_tags(tag charP):
  Found 1 tags.
all_memories(tag charP):
  Found 0 memories.
all_tags(tag charP):
  Found 1 tags.
all_memories(tag charP):
  Found 0 memories.
all_tags(tag charP):
  Found 1 tags.
all_memories(tag charP):
  Found 0 memories.
all_allocs(tag charP):
  Found 1 allocs.
all_tags(tag charP):
  Found 1 tags.
all_memories(tag charP):
  Found 0 memories.
all_allocs(tag charP):
  Found 1 allocs.
all_memories(tag charP):
  Found 0 memories.
all_memories(tag charP):
  Found 0 memories.
all_allocs(tag charP):
  Found 1 allocs.
all_allocs(tag charP):
  Found 1 allocs.
all_tags(tag charP):
  Found 1 tags.
all_memories(tag charP):
  Found 0 memories.
all_memories(tag charP):
  Found 0 memories.
all_tags(tag charP):
  Found 1 tags.
all_memories(tag charP):
  Found 0 memories.
all_tags(tag charP):
  Found 1 tags.
all_memories(tag charP):
  Found 0 memories.
all_tags(tag charP):
  Found 1 tags.
all_memories(tag charP):
  Found 0 memories.
all_allocs(tag charP):
  Found 1 allocs.
all_tags(tag charP):
  Found 1 tags.
all_memories(tag charP):
  Found 0 memories.
all_allocs(tag charP):
  Found 1 allocs.
all_memories(tag charP):
  Found 0 memories.
all_memories(tag charP):
  Found 0 memories.
all_allocs(tag charP):
  Found 1 allocs.
all_tags(tag charP):
  Found 1 tags.
all_memories(tag charP):
  Found 0 memories.
all_allocs(tag charP):
  Found 1 allocs.
all_memories(tag charP):
  Found 0 memories.
all_allocs(tag charP):
  Found 1 allocs.
all_memories(tag charP):
  Found 0 memories.
all_memories(tag charP):
  Found 0 memories.
all_tags(tag charP):
  Found 1 tags.
all_memories(tag voidP):
  Found 0 memories.
all_tags(tag voidP):
  Found 1 tags.
all_memories(tag charP):
  Found 0 memories.
all_allocs(tag charP):
  Found 1 allocs.
all_memories(tag voidP):
  Found 0 memories.
all_allocs(tag voidP):
  Found 1 allocs.
all_memories(tag charP):
  Found 0 memories.
all_tags(tag charP):
  Found 1 tags.
all_memories(tag charP):
  Found 0 memories.
all_tags(tag charP):
  Found 1 tags.
all_memories(tag charP):
  Found 0 memories.
all_tags(tag charP):
  Found 1 tags.
all_memories(tag charP):
  Found 0 memories.
all_tags(tag charP):
  Found 1 tags.
all_memories(tag charP):
  Found 0 memories.
all_tags(tag charP):
  Found 1 tags.
all_memories(tag charP):
  Found 0 memories.
all_tags(tag charP):
  Found 1 tags.
all_memories(tag charP):
  Found 0 memories.
all_allocs(tag charP):
  Found 1 allocs.
all_memories(tag voidP):
  Found 0 memories.
all_allocs(tag voidP):
  Found 1 allocs.
all_memories(tag charP):
  Found 0 memories.
all_allocs(tag charP):
  Found 1 allocs.
all_memories(tag voidP):
  Found 0 memories.
all_allocs(tag voidP):
  Found 1 allocs.
all_memories(tag charP):
  Found 0 memories.
all_allocs(tag charP):
  Found 1 allocs.
all_memories(tag voidP):
  Found 0 memories.
all_allocs(tag voidP):
  Found 1 allocs.
all_memories(tag charP):
  Found 0 memories.
all_allocs(tag charP):
  Found 1 allocs.
all_memories(tag voidP):
  Found 0 memories.
all_allocs(tag voidP):
  Found 1 allocs.
all_memories(tag charP):
  Found 0 memories.
all_allocs(tag charP):
  Found 1 allocs.
all_memories(tag voidP):
  Found 0 memories.
all_allocs(tag voidP):
  Found 1 allocs.
all_allocs(tag voidP):
  Found 1 allocs.
all_memories(tag voidP):
  Found 0 memories.
all_memories(tag voidP):
  Found 0 memories.
all_allocs(tag voidP):
  Found 1 allocs.
all_allocs(tag voidP):
  Found 1 allocs.
all_memories(tag voidP):
  Found 0 memories.
all_allocs(tag voidP):
  Found 1 allocs.
all_tags(tag voidP):
  Found 1 tags.
all_memories(tag voidP):
  Found 0 memories.
all_memories(tag voidP):
  Found 0 memories.
all_tags(tag voidP):
  Found 1 tags.
all_memories(tag voidP):
  Found 0 memories.
all_tags(tag voidP):
  Found 1 tags.
all_memories(tag voidP):
  Found 0 memories.
all_tags(tag voidP):
  Found 1 tags.
all_memories(tag voidP):
  Found 0 memories.
all_allocs(tag voidP):
  Found 1 allocs.
all_tags(tag voidP):
  Found 1 tags.
all_memories(tag voidP):
  Found 0 memories.
all_allocs(tag voidP):
  Found 1 allocs.
all_memories(tag voidP):
  Found 0 memories.
all_memories(tag voidP):
  Found 0 memories.
all_allocs(tag voidP):
  Found 1 allocs.
all_allocs(tag voidP):
  Found 1 allocs.
all_memories(tag voidP):
  Found 0 memories.
all_memories(tag voidP):
  Found 0 memories.
all_allocs(tag voidP):
  Found 1 allocs.
all_allocs(tag voidP):
  Found 1 allocs.
all_memories(tag voidP):
  Found 0 memories.
all_allocs(tag voidP):
  Found 1 allocs.
all_tags(tag voidP):
  Found 1 tags.
all_memories(tag voidP):
  Found 0 memories.
all_memories(tag voidP):
  Found 0 memories.
all_tags(tag voidP):
  Found 1 tags.
all_memories(tag voidP):
  Found 0 memories.
all_tags(tag voidP):
  Found 1 tags.
all_memories(tag voidP):
  Found 0 memories.
all_tags(tag voidP):
  Found 1 tags.
all_memories(tag voidP):
  Found 0 memories.
all_allocs(tag voidP):
  Found 1 allocs.
all_tags(tag voidP):
  Found 1 tags.
all_memories(tag voidP):
  Found 0 memories.
all_allocs(tag voidP):
  Found 1 allocs.
all_memories(tag voidP):
  Found 0 memories.
all_memories(tag voidP):
  Found 0 memories.
all_allocs(tag voidP):
  Found 1 allocs.
all_allocs(tag voidP):
  Found 1 allocs.
all_tags(tag voidP):
  Found 1 tags.
all_memories(tag voidP):
  Found 0 memories.
all_memories(tag voidP):
  Found 0 memories.
all_tags(tag voidP):
  Found 1 tags.
all_memories(tag voidP):
  Found 0 memories.
all_tags(tag voidP):
  Found 1 tags.
all_memories(tag voidP):
  Found 0 memories.
all_tags(tag voidP):
  Found 1 tags.
all_memories(tag voidP):
  Found 0 memories.
all_allocs(tag voidP):
  Found 1 allocs.
all_tags(tag voidP):
  Found 1 tags.
all_memories(tag voidP):
  Found 0 memories.
all_allocs(tag voidP):
  Found 1 allocs.
all_memories(tag voidP):
  Found 0 memories.
all_memories(tag voidP):
  Found 0 memories.
all_allocs(tag voidP):
  Found 1 allocs.
all_tags(tag voidP):
  Found 1 tags.
all_memories(tag voidP):
  Found 0 memories.
all_allocs(tag voidP):
  Found 1 allocs.
all_memories(tag voidP):
  Found 0 memories.
all_allocs(tag voidP):
  Found 1 allocs.
all_memories(tag voidP):
  Found 0 memories.
all_memories(tag voidP):
  Found 0 memories.
all_tags(tag voidP):
  Found 1 tags.
all_memories(tag voidP):
  Found 0 memories.
all_allocs(tag voidP):
  Found 1 allocs.
all_memories(tag voidP):
  Found 0 memories.
all_tags(tag voidP):
  Found 1 tags.
all_memories(tag voidP):
  Found 0 memories.
all_tags(tag voidP):
  Found 1 tags.
all_memories(tag voidP):
  Found 0 memories.
all_tags(tag voidP):
  Found 1 tags.
all_memories(tag voidP):
  Found 0 memories.
all_tags(tag voidP):
  Found 1 tags.
all_memories(tag voidP):
  Found 0 memories.
all_tags(tag voidP):
  Found 1 tags.
all_memories(tag voidP):
  Found 0 memories.
all_tags(tag voidP):
  Found 1 tags.
all_memories(tag voidP):
  Found 0 memories.
all_allocs(tag voidP):
  Found 1 allocs.
all_memories(tag voidP):
  Found 0 memories.
all_allocs(tag voidP):
  Found 1 allocs.
all_memories(tag voidP):
  Found 0 memories.
all_allocs(tag voidP):
  Found 1 allocs.
all_memories(tag voidP):
  Found 0 memories.
all_allocs(tag voidP):
  Found 1 allocs.
all_memories(tag voidP):
  Found 0 memories.
all_allocs(tag voidP):
  Found 1 allocs.
Translate variants
Translate global regions
Translate exceptions
Translate enumerated types
Translate dummies
Translate standalone logic functions
Logic function count
Logic function count_one_p
Logic function count_split_p
Logic function count_exist
Logic function is_valid_map_mem
Logic function is_valid_map_sizes
Logic function begin_ok
Logic function is_valid_item
Logic function count_ok
Logic function gap_ok
Logic function is_valid_items
Logic function compare_keys
Logic function compare_values
Logic function compare_keys_now
Logic function compare_values_now
Logic function valid_existence
Logic function item_exists_t
Logic function get_key_t
Logic function get_value_t
Logic function get_item_t
Logic function all_valid_existence
Logic function unique_keys
Logic function compare_items
Logic function count_lowers
Logic function same_count
Logic function same_capacity
Logic function same_items
Logic function no_mchg
Logic function no_new
Logic function is_valid_map
Translate axiomatic declarations
Axiomatic MapCount
Axiomatic Padding
Translate lemmas
Translate functions
Pre-treatement Function initializeMap
Pre-treatement Function addElement
Pre-treatement Function getElement
Function initializeMap
all_memories(tag __anonstruct_Item_4):
  Found 2 memories.
all_allocs(tag __anonstruct_Item_4):
  Found 3 allocs.
all_memories(tag __anonstruct_Item_4):
  Found 2 memories.
all_allocs(tag __anonstruct_Item_4):
  Found 3 allocs.
all_memories(tag __anonstruct_Item_4):
  Found 2 memories.
all_allocs(tag __anonstruct_Item_4):
  Found 3 allocs.
all_memories(tag __anonstruct_Item_4):
  Found 2 memories.
all_allocs(tag __anonstruct_Item_4):
  Found 3 allocs.
all_memories(tag __anonstruct_Item_4):
  Found 2 memories.
all_allocs(tag __anonstruct_Item_4):
  Found 3 allocs.
all_memories(tag __anonstruct_Item_4):
  Found 2 memories.
all_allocs(tag __anonstruct_Item_4):
  Found 3 allocs.
all_memories(tag __anonstruct_Item_4):
  Found 2 memories.
all_allocs(tag __anonstruct_Item_4):
  Found 3 allocs.
all_memories(tag __anonstruct_Item_4):
  Found 2 memories.
all_allocs(tag __anonstruct_Item_4):
  Found 3 allocs.
all_memories(tag __anonstruct_Item_4):
  Found 2 memories.
all_allocs(tag __anonstruct_Item_4):
  Found 3 allocs.
all_memories(tag __anonstruct_Item_4):
  Found 2 memories.
all_allocs(tag __anonstruct_Item_4):
  Found 3 allocs.
Function addElement
Function getElement
Produce makefile
